Performing C SOURCE FILE Test COMPILER_HAS_THOSE_TOGGLES failed with the following output:
Change Dir: C:/Users/muril/Documents/github.com/raylib-course-c/out/build/x64-Debug/CMakeFiles/CMakeTmp

Run Build Command(s):C:/Program Files/Microsoft Visual Studio/2022/Community/Common7/IDE/CommonExtensions/Microsoft/CMake/Ninja/ninja.exe cmTC_d8b78 && [1/2] Building C object CMakeFiles\cmTC_d8b78.dir\src.c.obj
FAILED: CMakeFiles/cmTC_d8b78.dir/src.c.obj 
C:\PROGRA~1\MICROS~2\2022\COMMUN~1\VC\Tools\MSVC\1431~1.311\bin\Hostx64\x64\cl.exe  /nologo -DCOMPILER_HAS_THOSE_TOGGLES  /DWIN32 /D_WINDOWS /W3  /MDd /Zi /Ob0 /Od /RTC1   -Werror=pointer-arith /showIncludes /FoCMakeFiles\cmTC_d8b78.dir\src.c.obj /FdCMakeFiles\cmTC_d8b78.dir\ /FS -c C:\Users\muril\Documents\github.com\raylib-course-c\out\build\x64-Debug\CMakeFiles\CMakeTmp\src.c
cl : Linha de comando error D8021 : argumento numérico inválido '/Werror=pointer-arith'
ninja: build stopped: subcommand failed.


Source file was:
int main(void) { return 0; }
Determining if the include file pthread.h exists failed with the following output:
Change Dir: C:/Users/muril/Documents/github.com/raylib-course-c/out/build/x64-Debug/CMakeFiles/CMakeTmp

Run Build Command(s):C:/Program Files/Microsoft Visual Studio/2022/Community/Common7/IDE/CommonExtensions/Microsoft/CMake/Ninja/ninja.exe cmTC_bb83b && [1/2] Building C object CMakeFiles\cmTC_bb83b.dir\CheckIncludeFile.c.obj
FAILED: CMakeFiles/cmTC_bb83b.dir/CheckIncludeFile.c.obj 
C:\PROGRA~1\MICROS~2\2022\COMMUN~1\VC\Tools\MSVC\1431~1.311\bin\Hostx64\x64\cl.exe  /nologo   /DWIN32 /D_WINDOWS /W3  /MDd /Zi /Ob0 /Od /RTC1 /showIncludes /FoCMakeFiles\cmTC_bb83b.dir\CheckIncludeFile.c.obj /FdCMakeFiles\cmTC_bb83b.dir\ /FS -c C:\Users\muril\Documents\github.com\raylib-course-c\out\build\x64-Debug\CMakeFiles\CMakeTmp\CheckIncludeFile.c
C:\Users\muril\Documents\github.com\raylib-course-c\out\build\x64-Debug\CMakeFiles\CMakeTmp\CheckIncludeFile.c(1): fatal error C1083: Não é possível abrir arquivo incluir: 'pthread.h': No such file or directory
ninja: build stopped: subcommand failed.



